<?xml version="1.0" encoding="UTF-8"?>
<!-- Generated by org.testng.reporters.JUnitXMLReporter -->
<testsuite ignored="7" hostname="LAPTOP-TKD45B3R" failures="0" tests="1" name="Default test" time="15.019" errors="0" timestamp="2023-01-23T23:05:42 EST">
  <testcase classname="testPage.HomepageTest" name="use_of_dropdown_by_index" time="7.217"/>
  <testcase classname="testPage.HomepageTest" name="clickSignInButtonTest" time="0.0">
    <ignored/>
  </testcase> <!-- clickSignInButtonTest -->
  <testcase classname="testPage.HomepageTest" name="use_of_set_specific_size_in_window" time="0.0">
    <ignored/>
  </testcase> <!-- use_of_set_specific_size_in_window -->
  <testcase classname="testPage.HomepageTest" name="forgotPasswordTest" time="0.0">
    <ignored/>
  </testcase> <!-- forgotPasswordTest -->
  <testcase classname="testPage.HomepageTest" name="clickloginbuttontest" time="0.0">
    <ignored/>
  </testcase> <!-- clickloginbuttontest -->
  <testcase classname="testPage.HomepageTest" name="passwordbuttonTest" time="0.0">
    <ignored/>
  </testcase> <!-- passwordbuttonTest -->
  <testcase classname="testPage.HomepageTest" name="inputTextInBothWayTest" time="0.0">
    <ignored/>
  </testcase> <!-- inputTextInBothWayTest -->
  <testcase classname="testPage.HomepageTest" name="clickCreateAccountTest" time="0.0">
    <ignored/>
  </testcase> <!-- clickCreateAccountTest -->
</testsuite> <!-- Default test -->
