<?xml version="1.0" encoding="UTF-8"?>
<testng-results ignored="7" total="8" passed="1" failed="0" skipped="0">
  <reporter-output>
  </reporter-output>
  <suite started-at="2023-01-23T23:05:27 EST" name="Default suite" finished-at="2023-01-23T23:05:42 EST" duration-ms="15019">
    <groups>
    </groups>
    <test started-at="2023-01-23T23:05:27 EST" name="Default test" finished-at="2023-01-23T23:05:42 EST" duration-ms="15019">
      <class name="testPage.HomepageTest">
        <test-method is-config="true" signature="setup()[pri:0, instance:testPage.HomepageTest@618425b5]" started-at="2023-01-23T23:05:27 EST" name="setup" finished-at="2023-01-23T23:05:33 EST" duration-ms="6732" status="PASS">
          <reporter-output>
          </reporter-output>
        </test-method> <!-- setup -->
        <test-method signature="use_of_dropdown_by_index()[pri:0, instance:testPage.HomepageTest@618425b5]" started-at="2023-01-23T23:05:33 EST" name="use_of_dropdown_by_index" finished-at="2023-01-23T23:05:40 EST" duration-ms="7217" status="PASS">
          <reporter-output>
          </reporter-output>
        </test-method> <!-- use_of_dropdown_by_index -->
        <test-method is-config="true" signature="tearUp()[pri:0, instance:testPage.HomepageTest@618425b5]" started-at="2023-01-23T23:05:40 EST" name="tearUp" finished-at="2023-01-23T23:05:42 EST" duration-ms="1047" status="PASS">
          <reporter-output>
          </reporter-output>
        </test-method> <!-- tearUp -->
      </class> <!-- testPage.HomepageTest -->
    </test> <!-- Default test -->
  </suite> <!-- Default suite -->
</testng-results>
